<?xml version="1.0" encoding="UTF-8"?>
<testsuite name="com.querybuilder4j.sqlbuilders.SqlBuilderTest" tests="5" skipped="0" failures="0" errors="0" timestamp="2019-02-03T03:02:50" hostname="sm7chrisjones" time="0.615">
  <properties/>
  <testcase name="runDynamicStatementTests" classname="com.querybuilder4j.sqlbuilders.SqlBuilderTest" time="0.591"/>
  <testcase name="runSubQuery_oneRegularArgOneSubQuery" classname="com.querybuilder4j.sqlbuilders.SqlBuilderTest" time="0.009"/>
  <testcase name="runSubQuery_oneRegularArg" classname="com.querybuilder4j.sqlbuilders.SqlBuilderTest" time="0.005"/>
  <testcase name="runSubQuery_noArgs" classname="com.querybuilder4j.sqlbuilders.SqlBuilderTest" time="0.004"/>
  <testcase name="runSubQuery_oneSubQueryArg" classname="com.querybuilder4j.sqlbuilders.SqlBuilderTest" time="0.006"/>
  <system-out><![CDATA[./src/test/resources/test-config.properties
./src/test/resources/test-config.properties
./src/test/resources/test-config.properties
./src/test/resources/test-config.properties
./src/test/resources/test-config.properties
]]></system-out>
  <system-err><![CDATA[]]></system-err>
</testsuite>
