<?xml version="1.0" encoding="UTF-8"?>
<testsuite name="com.querybuilder4j.sqlbuilders.SqlBuilderTest" tests="6" skipped="0" failures="0" errors="0" timestamp="2019-03-19T01:27:29" hostname="sm7chrisjones" time="3.208">
  <properties/>
  <testcase name="runDynamicStatementTests" classname="com.querybuilder4j.sqlbuilders.SqlBuilderTest" time="3.015"/>
  <testcase name="runSubQuery_oneRegularArgOneSubQuery" classname="com.querybuilder4j.sqlbuilders.SqlBuilderTest" time="0.006"/>
  <testcase name="runStaticStatementTests" classname="com.querybuilder4j.sqlbuilders.SqlBuilderTest" time="0.174"/>
  <testcase name="runSubQuery_oneRegularArg" classname="com.querybuilder4j.sqlbuilders.SqlBuilderTest" time="0.003"/>
  <testcase name="runSubQuery_noArgs" classname="com.querybuilder4j.sqlbuilders.SqlBuilderTest" time="0.004"/>
  <testcase name="runSubQuery_oneSubQueryArg" classname="com.querybuilder4j.sqlbuilders.SqlBuilderTest" time="0.006"/>
  <system-out><![CDATA[]]></system-out>
  <system-err><![CDATA[]]></system-err>
</testsuite>
