<?xml version="1.0" encoding="UTF-8"?>
<testsuite name="com.querybuilder4j.sqlbuilders.SqlCleanserTest" tests="7" skipped="0" failures="0" errors="0" timestamp="2019-01-14T01:31:04" hostname="sm7chrisjones" time="0.007">
  <properties/>
  <testcase name="sqlIsClean_regressionTest_tableNameContainsAnsiKeyword" classname="com.querybuilder4j.sqlbuilders.SqlCleanserTest" time="0.005"/>
  <testcase name="sqlIsClean_testsReservedOperators" classname="com.querybuilder4j.sqlbuilders.SqlCleanserTest" time="0.0"/>
  <testcase name="escape" classname="com.querybuilder4j.sqlbuilders.SqlCleanserTest" time="0.0"/>
  <testcase name="sqlIsClean_NothingPreceedingAnsiKeyword" classname="com.querybuilder4j.sqlbuilders.SqlCleanserTest" time="0.0"/>
  <testcase name="sqlIsClean2" classname="com.querybuilder4j.sqlbuilders.SqlCleanserTest" time="0.0"/>
  <testcase name="sqlIsClean_semiColonPreceedingAnsiKeyword" classname="com.querybuilder4j.sqlbuilders.SqlCleanserTest" time="0.0"/>
  <testcase name="sqlIsClean_singleSpacePreceedingAnsiKeyword" classname="com.querybuilder4j.sqlbuilders.SqlCleanserTest" time="0.001"/>
  <system-out><![CDATA[]]></system-out>
  <system-err><![CDATA[]]></system-err>
</testsuite>
